<?xml version="1.0" encoding="UTF-8"?>
<!-- Generated by org.testng.reporters.JUnitXMLReporter -->
<testsuite hostname="CHENNWL-455FT12" name="Discussion_Feature_Test" tests="6" failures="1" timestamp="17 Nov 2015 12:46:01 GMT" time="144.208" errors="0">
  <testcase name="Deleting_Discussion_Replies_Test" time="43.247" classname="com.obj.Discussion.Discussion_Test_Case">
    <failure type="org.openqa.selenium.NoSuchElementException" message="Unable to locate element: {&amp;quot;method&amp;quot;:&amp;quot;xpath&amp;quot;,&amp;quot;selector&amp;quot;:&amp;quot;/html/body/div[2]/div[2]/div[3]/div/div/div[1]/div/div/section/ul/li[1]/dc-preview/section/section/div[1]/div[2]/div/ul/li[2]/a&amp;quot;}
Command duration or timeout: 30.02 seconds
For documentation on this error, please visit: http://seleniumhq.org/exceptions/no_such_element.html
Build info: version: &amp;apos;2.47.1&amp;apos;, revision: &amp;apos;411b314&amp;apos;, time: &amp;apos;2015-07-30 02:56:46&amp;apos;
System info: host: &amp;apos;CHENNWL-455FT12&amp;apos;, ip: &amp;apos;10.98.5.176&amp;apos;, os.name: &amp;apos;Windows 7&amp;apos;, os.arch: &amp;apos;amd64&amp;apos;, os.version: &amp;apos;6.1&amp;apos;, java.version: &amp;apos;1.8.0_05&amp;apos;
Driver info: org.openqa.selenium.firefox.FirefoxDriver
Capabilities [{applicationCacheEnabled=true, rotatable=false, handlesAlerts=true, databaseEnabled=true, version=42.0, platform=WINDOWS, nativeEvents=false, acceptSslCerts=true, webStorageEnabled=true, locationContextEnabled=true, browserName=firefox, takesScreenshot=true, javascriptEnabled=true, cssSelectorsEnabled=true}]
Session ID: 72fb5626-5fc2-4cf4-9aca-64cfa9b09a19
*** Element info: {Using=xpath, value=/html/body/div[2]/div[2]/div[3]/div/div/div[1]/div/div/section/ul/li[1]/dc-preview/section/section/div[1]/div[2]/div/ul/li[2]/a}">
      <![CDATA[org.openqa.selenium.NoSuchElementException: Unable to locate element: {"method":"xpath","selector":"/html/body/div[2]/div[2]/div[3]/div/div/div[1]/div/div/section/ul/li[1]/dc-preview/section/section/div[1]/div[2]/div/ul/li[2]/a"}
Command duration or timeout: 30.02 seconds
For documentation on this error, please visit: http://seleniumhq.org/exceptions/no_such_element.html
Build info: version: '2.47.1', revision: '411b314', time: '2015-07-30 02:56:46'
System info: host: 'CHENNWL-455FT12', ip: '10.98.5.176', os.name: 'Windows 7', os.arch: 'amd64', os.version: '6.1', java.version: '1.8.0_05'
Driver info: org.openqa.selenium.firefox.FirefoxDriver
Capabilities [{applicationCacheEnabled=true, rotatable=false, handlesAlerts=true, databaseEnabled=true, version=42.0, platform=WINDOWS, nativeEvents=false, acceptSslCerts=true, webStorageEnabled=true, locationContextEnabled=true, browserName=firefox, takesScreenshot=true, javascriptEnabled=true, cssSelectorsEnabled=true}]
Session ID: 72fb5626-5fc2-4cf4-9aca-64cfa9b09a19
*** Element info: {Using=xpath, value=/html/body/div[2]/div[2]/div[3]/div/div/div[1]/div/div/section/ul/li[1]/dc-preview/section/section/div[1]/div[2]/div/ul/li[2]/a}
	at org.openqa.selenium.remote.ErrorHandler.createThrowable(ErrorHandler.java:206)
	at org.openqa.selenium.remote.ErrorHandler.throwIfResponseFailed(ErrorHandler.java:158)
	at org.openqa.selenium.remote.RemoteWebDriver.execute(RemoteWebDriver.java:595)
	at org.openqa.selenium.remote.RemoteWebDriver.findElement(RemoteWebDriver.java:348)
	at org.openqa.selenium.remote.RemoteWebDriver.findElementByXPath(RemoteWebDriver.java:445)
	at org.openqa.selenium.By$ByXPath.findElement(By.java:358)
	at org.openqa.selenium.remote.RemoteWebDriver.findElement(RemoteWebDriver.java:340)
	at com.obj.Discussion.Discussion.Is_Delete_Option_Displayed(Unknown Source)
	at com.obj.Discussion.Discussion_Test_Case.Deleting_Discussion_Replies_Test(Unknown Source)
Caused by: org.openqa.selenium.NoSuchElementException: Unable to locate element: {"method":"xpath","selector":"/html/body/div[2]/div[2]/div[3]/div/div/div[1]/div/div/section/ul/li[1]/dc-preview/section/section/div[1]/div[2]/div/ul/li[2]/a"}
For documentation on this error, please visit: http://seleniumhq.org/exceptions/no_such_element.html
Build info: version: '2.47.1', revision: '411b314', time: '2015-07-30 02:56:46'
System info: host: 'CHENNWL-455FT12', ip: '10.98.5.176', os.name: 'Windows 7', os.arch: 'amd64', os.version: '6.1', java.version: '1.8.0_05'
Driver info: driver.version: unknown
	at <anonymous class>.FirefoxDriver.prototype.findElementInternal_(file:///C:/Users/MRANGA~1/AppData/Local/Temp/anonymous3894380593544383372webdriver-profile/extensions/fxdriver@googlecode.com/components/driver-component.js:10667)
	at <anonymous class>.fxdriver.Timer.prototype.setTimeout/<.notify(file:///C:/Users/MRANGA~1/AppData/Local/Temp/anonymous3894380593544383372webdriver-profile/extensions/fxdriver@googlecode.com/components/driver-component.js:623)
... Removed 27 stack frames]]>
    </failure>
  </testcase> <!-- Deleting_Discussion_Replies_Test -->
  <testcase name="Discussion_Replies_Option_Test" time="13.887" classname="com.obj.Discussion.Discussion_Test_Case"/>
  <testcase name="Discussion_Replies_test" time="10.139" classname="com.obj.Discussion.Discussion_Test_Case"/>
  <testcase name="Editing_Discussion_Replies_Test" time="19.899" classname="com.obj.Discussion.Discussion_Test_Case"/>
  <testcase name="Navigate_To_Discussion_Page_Test" time="2.382" classname="com.obj.Discussion.Discussion_Test_Case"/>
  <testcase name="filtering_Unfiltering_Discussion_Test" time="3.192" classname="com.obj.Discussion.Discussion_Test_Case"/>
</testsuite> <!-- Discussion_Feature_Test -->
