<?xml version="1.0" encoding="UTF-8"?>
<!-- Generated by org.testng.reporters.JUnitXMLReporter -->
<testsuite hostname="CHENNWL-455FT12" name="Test" tests="3" failures="2" timestamp="26 Aug 2015 08:16:02 GMT" time="247.805" errors="0">
  <testcase name="Dashboard_Widget_TestCase" time="100.537" classname="com.obj.TestScript.Status_Feed_Test"/>
  <testcase name="Status_Feed_TestCase" time="84.038" classname="com.obj.TestScript.Status_Feed_Test">
    <failure type="org.openqa.selenium.NoSuchElementException" message="no such element
  (Session info: chrome=44.0.2403.157)
  (Driver info: chromedriver=2.9.248315,platform=Windows NT 6.1 SP1 x86_64) (WARNING: The server did not provide any stacktrace information)
Command duration or timeout: 10.06 seconds
For documentation on this error, please visit: http://seleniumhq.org/exceptions/no_such_element.html
Build info: version: &amp;apos;2.46.0&amp;apos;, revision: &amp;apos;87c69e2&amp;apos;, time: &amp;apos;2015-06-04 16:17:10&amp;apos;
System info: host: &amp;apos;CHENNWL-455FT12&amp;apos;, ip: &amp;apos;10.98.5.176&amp;apos;, os.name: &amp;apos;Windows 7&amp;apos;, os.arch: &amp;apos;amd64&amp;apos;, os.version: &amp;apos;6.1&amp;apos;, java.version: &amp;apos;1.8.0_05&amp;apos;
Driver info: org.openqa.selenium.chrome.ChromeDriver
Capabilities [{applicationCacheEnabled=false, rotatable=false, chrome={userDataDir=C:\Users\MRANGA~1\AppData\Local\Temp\scoped_dir10096_2117}, takesHeapSnapshot=true, databaseEnabled=false, handlesAlerts=true, version=44.0.2403.157, platform=XP, browserConnectionEnabled=false, nativeEvents=true, acceptSslCerts=true, locationContextEnabled=true, webStorageEnabled=true, browserName=chrome, takesScreenshot=true, javascriptEnabled=true, cssSelectorsEnabled=true}]
Session ID: f7be45157faf28f8ba7b8cac3f078f93
*** Element info: {Using=xpath, value=/html/body/div[2]/div[2]/div[4]/div/div/div/div[2]/share-preview[1]/section/div[2]/div/div[1]/div/section/div[1]/div[2]/div/button}">
      <![CDATA[org.openqa.selenium.NoSuchElementException: no such element
  (Session info: chrome=44.0.2403.157)
  (Driver info: chromedriver=2.9.248315,platform=Windows NT 6.1 SP1 x86_64) (WARNING: The server did not provide any stacktrace information)
Command duration or timeout: 10.06 seconds
For documentation on this error, please visit: http://seleniumhq.org/exceptions/no_such_element.html
Build info: version: '2.46.0', revision: '87c69e2', time: '2015-06-04 16:17:10'
System info: host: 'CHENNWL-455FT12', ip: '10.98.5.176', os.name: 'Windows 7', os.arch: 'amd64', os.version: '6.1', java.version: '1.8.0_05'
Driver info: org.openqa.selenium.chrome.ChromeDriver
Capabilities [{applicationCacheEnabled=false, rotatable=false, chrome={userDataDir=C:\Users\MRANGA~1\AppData\Local\Temp\scoped_dir10096_2117}, takesHeapSnapshot=true, databaseEnabled=false, handlesAlerts=true, version=44.0.2403.157, platform=XP, browserConnectionEnabled=false, nativeEvents=true, acceptSslCerts=true, locationContextEnabled=true, webStorageEnabled=true, browserName=chrome, takesScreenshot=true, javascriptEnabled=true, cssSelectorsEnabled=true}]
Session ID: f7be45157faf28f8ba7b8cac3f078f93
*** Element info: {Using=xpath, value=/html/body/div[2]/div[2]/div[4]/div/div/div/div[2]/share-preview[1]/section/div[2]/div/div[1]/div/section/div[1]/div[2]/div/button}
	at org.openqa.selenium.remote.ErrorHandler.createThrowable(ErrorHandler.java:204)
	at org.openqa.selenium.remote.ErrorHandler.throwIfResponseFailed(ErrorHandler.java:156)
	at org.openqa.selenium.remote.RemoteWebDriver.execute(RemoteWebDriver.java:605)
	at org.openqa.selenium.remote.RemoteWebDriver.findElement(RemoteWebDriver.java:358)
	at org.openqa.selenium.remote.RemoteWebDriver.findElementByXPath(RemoteWebDriver.java:455)
	at org.openqa.selenium.By$ByXPath.findElement(By.java:358)
	at org.openqa.selenium.remote.RemoteWebDriver.findElement(RemoteWebDriver.java:350)
	at com.obj.Comment.Comment_In_The_Post.Is_Comment_Feed_Option_Enabled(Unknown Source)
	at com.obj.TestScript.Status_Feed_Test.Status_Feed_TestCase(Unknown Source)
... Removed 27 stack frames]]>
    </failure>
  </testcase> <!-- Status_Feed_TestCase -->
  <testcase name="FileUpload_Test" time="31.583" classname="com.obj.TestScript.Status_Feed_Test">
    <failure type="org.openqa.selenium.WebDriverException" message="unknown error: Element is not clickable at point (931, 390). Other element would receive the click: &amp;lt;div tabindex=&amp;quot;-1&amp;quot; role=&amp;quot;dialog&amp;quot; class=&amp;quot;modal fade ng-isolate-scope sail-modal ng-animate in-add&amp;quot; ng-class=&amp;quot;{in: animate}&amp;quot; ng-style=&amp;quot;{&amp;apos;z-index&amp;apos;: 1050 + index*10, display: &amp;apos;block&amp;apos;}&amp;quot; ng-click=&amp;quot;close($event)&amp;quot; modal-window=&amp;quot;&amp;quot; window-class=&amp;quot;sail-modal&amp;quot; size=&amp;quot;md&amp;quot; index=&amp;quot;0&amp;quot; animate=&amp;quot;animate&amp;quot; style=&amp;quot;z-index: 1050; display: block;&amp;quot;&amp;gt;...&amp;lt;/div&amp;gt;
  (Session info: chrome=44.0.2403.157)
  (Driver info: chromedriver=2.9.248315,platform=Windows NT 6.1 SP1 x86_64) (WARNING: The server did not provide any stacktrace information)
Command duration or timeout: 39 milliseconds
Build info: version: &amp;apos;2.46.0&amp;apos;, revision: &amp;apos;87c69e2&amp;apos;, time: &amp;apos;2015-06-04 16:17:10&amp;apos;
System info: host: &amp;apos;CHENNWL-455FT12&amp;apos;, ip: &amp;apos;10.98.5.176&amp;apos;, os.name: &amp;apos;Windows 7&amp;apos;, os.arch: &amp;apos;amd64&amp;apos;, os.version: &amp;apos;6.1&amp;apos;, java.version: &amp;apos;1.8.0_05&amp;apos;
Driver info: org.openqa.selenium.chrome.ChromeDriver
Capabilities [{applicationCacheEnabled=false, rotatable=false, chrome={userDataDir=C:\Users\MRANGA~1\AppData\Local\Temp\scoped_dir10096_2117}, takesHeapSnapshot=true, databaseEnabled=false, handlesAlerts=true, version=44.0.2403.157, platform=XP, browserConnectionEnabled=false, nativeEvents=true, acceptSslCerts=true, locationContextEnabled=true, webStorageEnabled=true, browserName=chrome, takesScreenshot=true, javascriptEnabled=true, cssSelectorsEnabled=true}]
Session ID: f7be45157faf28f8ba7b8cac3f078f93">
      <![CDATA[org.openqa.selenium.WebDriverException: unknown error: Element is not clickable at point (931, 390). Other element would receive the click: <div tabindex="-1" role="dialog" class="modal fade ng-isolate-scope sail-modal ng-animate in-add" ng-class="{in: animate}" ng-style="{'z-index': 1050 + index*10, display: 'block'}" ng-click="close($event)" modal-window="" window-class="sail-modal" size="md" index="0" animate="animate" style="z-index: 1050; display: block;">...</div>
  (Session info: chrome=44.0.2403.157)
  (Driver info: chromedriver=2.9.248315,platform=Windows NT 6.1 SP1 x86_64) (WARNING: The server did not provide any stacktrace information)
Command duration or timeout: 39 milliseconds
Build info: version: '2.46.0', revision: '87c69e2', time: '2015-06-04 16:17:10'
System info: host: 'CHENNWL-455FT12', ip: '10.98.5.176', os.name: 'Windows 7', os.arch: 'amd64', os.version: '6.1', java.version: '1.8.0_05'
Driver info: org.openqa.selenium.chrome.ChromeDriver
Capabilities [{applicationCacheEnabled=false, rotatable=false, chrome={userDataDir=C:\Users\MRANGA~1\AppData\Local\Temp\scoped_dir10096_2117}, takesHeapSnapshot=true, databaseEnabled=false, handlesAlerts=true, version=44.0.2403.157, platform=XP, browserConnectionEnabled=false, nativeEvents=true, acceptSslCerts=true, locationContextEnabled=true, webStorageEnabled=true, browserName=chrome, takesScreenshot=true, javascriptEnabled=true, cssSelectorsEnabled=true}]
Session ID: f7be45157faf28f8ba7b8cac3f078f93
	at org.openqa.selenium.remote.ErrorHandler.createThrowable(ErrorHandler.java:204)
	at org.openqa.selenium.remote.ErrorHandler.throwIfResponseFailed(ErrorHandler.java:156)
	at org.openqa.selenium.remote.RemoteWebDriver.execute(RemoteWebDriver.java:605)
	at org.openqa.selenium.remote.RemoteWebElement.execute(RemoteWebElement.java:269)
	at org.openqa.selenium.remote.RemoteWebElement.click(RemoteWebElement.java:80)
	at com.obj.FileUpload.FileUpload.Multiple_File_Upload_Area_With_File(Unknown Source)
	at com.obj.TestScript.Status_Feed_Test.FileUpload_Test(Unknown Source)
... Removed 27 stack frames]]>
    </failure>
  </testcase> <!-- FileUpload_Test -->
</testsuite> <!-- Test -->
